<?xml version="1.0" encoding="UTF-8"?>
<testsuite xmlns:xsi="http://www.w3.org/2001/XMLSchema-instance" xsi:noNamespaceSchemaLocation="https://maven.apache.org/surefire/maven-surefire-plugin/xsd/surefire-test-report-3.0.xsd" version="3.0" name="DeliverySystem.TestDeliverySystem" time="0.074" tests="4" errors="0" skipped="0" failures="0">
  <properties>
[...]
</properties>
  <testcase name="testNotifyObservers" classname="DeliverySystem.TestDeliverySystem" time="0.013">
    <system-out><![CDATA[Driver A with Van received delivery request: Delivery a cup to Boston University!
Driver B with Taxi received delivery request: Delivery a cup to Boston University!
Driver C with Scooter received delivery request: Delivery a cup to Boston University!
Driver D with Private car received delivery request: Delivery a cup to Boston University!
Driver E with Bicycle received delivery request: Delivery a cup to Boston University!
]]></system-out>
  </testcase>
  <testcase name="testAddObserver" classname="DeliverySystem.TestDeliverySystem" time="0.0"/>
  <testcase name="testDeliverySystem" classname="DeliverySystem.TestDeliverySystem" time="0.002">
    <system-out><![CDATA[Driver A with Van received delivery request: Delivery a cup to Boston University!
Driver B with Taxi received delivery request: Delivery a cup to Boston University!
Driver C with Scooter received delivery request: Delivery a cup to Boston University!
Driver D with Private car received delivery request: Delivery a cup to Boston University!
]]></system-out>
  </testcase>
  <testcase name="testRemoveObserver" classname="DeliverySystem.TestDeliverySystem" time="0.0"/>
</testsuite>